<?xml version="1.0" encoding="UTF-8"?>
<!-- Generated by org.testng.reporters.JUnitReportReporter -->
<testsuite skipped="1" hostname="VMT4532" name="com.Geico.TC01_LoginExcel" tests="1" failures="0" timestamp="17 Apr 2019 08:49:37 GMT" time="0.000" errors="0">
  <testcase name="LoginDDT" time="0.000" classname="com.Geico.TC01_LoginExcel">
    <skipped/>
  </testcase> <!-- LoginDDT -->
</testsuite> <!-- com.Geico.TC01_LoginExcel -->
