<?xml version="1.0" encoding="UTF-8"?>
<!-- Generated by org.testng.reporters.JUnitReportReporter -->
<testsuite skipped="0" hostname="VMT4532" name="com.Geico.TC_Login" tests="1" failures="0" timestamp="17 Apr 2019 08:50:32 GMT" time="3.420" errors="0">
  <testcase name="LoginTest" time="3.420" classname="com.Geico.TC_Login"/>
</testsuite> <!-- com.Geico.TC_Login -->
