<?xml version="1.0" encoding="UTF-8"?>
<!-- Generated by org.testng.reporters.JUnitReportReporter -->
<testsuite skipped="0" hostname="DESKTOP-E9QP468" name="com.Geico.TC_Login" tests="1" failures="0" timestamp="11 Apr 2019 12:53:31 GMT" time="3.120" errors="0">
  <testcase name="LoginTest" time="3.120" classname="com.Geico.TC_Login"/>
</testsuite> <!-- com.Geico.TC_Login -->
